build/app/intermediates/manifest_merge_blame_file/debug/manifest-merger-blame-debug-report.txt
1<?xml version="1.0" encoding="utf-8"?>
2<manifest xmlns:android="http://schemas.android.com/apk/res/android"
3    package="com.example.chat"
4    android:versionCode="1"
5    android:versionName="1.0.0" >
6
7    <uses-sdk
8        android:minSdkVersion="17"
9        android:targetSdkVersion="28" />
10    <!--
11         Flutter needs it to communicate with the running application
12         to allow setting breakpoints, to provide hot reload, etc.
13    -->
14    <uses-permission android:name="android.permission.INTERNET" />
14-->src\debug\AndroidManifest.xml:6:5-66
14-->src\debug\AndroidManifest.xml:6:22-64
15    <!-- Although the *SdkVersion is captured in gradle build files, this is required for non gradle builds -->
16    <!-- <uses-sdk android:minSdkVersion="14" /> -->
17    <uses-permission android:name="android.permission.ACCESS_NETWORK_STATE" />
17-->[com.google.firebase:firebase-firestore:21.4.3] AndroidManifest.xml:13:5-79
17-->[com.google.firebase:firebase-firestore:21.4.3] AndroidManifest.xml:13:22-76
18    <uses-permission android:name="android.permission.WAKE_LOCK" /> <!-- Required by older versions of Google Play services to create IID tokens -->
18-->[com.google.android.gms:play-services-measurement-api:17.4.1] AndroidManifest.xml:24:5-68
18-->[com.google.android.gms:play-services-measurement-api:17.4.1] AndroidManifest.xml:24:22-65
19    <uses-permission android:name="com.google.android.c2dm.permission.RECEIVE" />
19-->[com.google.firebase:firebase-iid:20.1.5] AndroidManifest.xml:26:5-82
19-->[com.google.firebase:firebase-iid:20.1.5] AndroidManifest.xml:26:22-79
20    <uses-permission android:name="com.google.android.finsky.permission.BIND_GET_INSTALL_REFERRER_SERVICE" />
20-->[com.google.android.gms:play-services-measurement:17.4.1] AndroidManifest.xml:26:5-110
20-->[com.google.android.gms:play-services-measurement:17.4.1] AndroidManifest.xml:26:22-107
21    <!--
22 io.flutter.app.FlutterApplication is an android.app.Application that
23         calls FlutterMain.startInitialization(this); in its onCreate method.
24         In most cases you can leave this as-is, but you if you want to provide
25         additional functionality it is fine to subclass or reimplement
26         FlutterApplication and put your custom class here.
27    -->
28    <application
28-->src\main\AndroidManifest.xml:8:5-46:19
29        android:name="io.flutter.app.FlutterApplication"
29-->src\main\AndroidManifest.xml:9:9-57
30        android:appComponentFactory="androidx.core.app.CoreComponentFactory"
30-->[androidx.core:core:1.1.0] AndroidManifest.xml:24:18-86
31        android:debuggable="true"
32        android:icon="@mipmap/ic_launcher"
32-->src\main\AndroidManifest.xml:11:9-43
33        android:label="chat" >
33-->src\main\AndroidManifest.xml:10:9-29
34        <activity
34-->src\main\AndroidManifest.xml:12:9-40:20
35            android:name="com.example.chat.MainActivity"
35-->src\main\AndroidManifest.xml:13:13-41
36            android:configChanges="orientation|keyboardHidden|keyboard|screenSize|smallestScreenSize|locale|layoutDirection|fontScale|screenLayout|density|uiMode"
36-->src\main\AndroidManifest.xml:16:13-163
37            android:hardwareAccelerated="true"
37-->src\main\AndroidManifest.xml:17:13-47
38            android:launchMode="singleTop"
38-->src\main\AndroidManifest.xml:14:13-43
39            android:theme="@style/LaunchTheme"
39-->src\main\AndroidManifest.xml:15:13-47
40            android:windowSoftInputMode="adjustResize" >
40-->src\main\AndroidManifest.xml:18:13-55
41
42            <!--
43                 Specifies an Android theme to apply to this Activity as soon as
44                 the Android process has started. This theme is visible to the user
45                 while the Flutter UI initializes. After that, this theme continues
46                 to determine the Window background behind the Flutter UI.
47            -->
48            <meta-data
48-->src\main\AndroidManifest.xml:23:13-26:17
49                android:name="io.flutter.embedding.android.NormalTheme"
49-->src\main\AndroidManifest.xml:24:15-70
50                android:resource="@style/NormalTheme" />
50-->src\main\AndroidManifest.xml:25:15-52
51            <!--
52                 Displays an Android View that continues showing the launch screen
53                 Drawable until Flutter paints its first frame, then this splash
54                 screen fades out. A splash screen is useful to avoid any visual
55                 gap between the end of Android's launch screen and the painting of
56                 Flutter's first frame.
57            -->
58            <meta-data
58-->src\main\AndroidManifest.xml:32:13-35:17
59                android:name="io.flutter.embedding.android.SplashScreenDrawable"
59-->src\main\AndroidManifest.xml:33:15-79
60                android:resource="@drawable/launch_background" />
60-->src\main\AndroidManifest.xml:34:15-61
61
62            <intent-filter>
62-->src\main\AndroidManifest.xml:36:13-39:29
63                <action android:name="android.intent.action.MAIN" />
63-->src\main\AndroidManifest.xml:37:17-68
63-->src\main\AndroidManifest.xml:37:25-66
64
65                <category android:name="android.intent.category.LAUNCHER" />
65-->src\main\AndroidManifest.xml:38:17-76
65-->src\main\AndroidManifest.xml:38:27-74
66            </intent-filter>
67        </activity>
68        <!--
69             Don't delete the meta-data below.
70             This is used by the Flutter tool to generate GeneratedPluginRegistrant.java
71        -->
72        <meta-data
72-->src\main\AndroidManifest.xml:43:9-45:33
73            android:name="flutterEmbedding"
73-->src\main\AndroidManifest.xml:44:13-44
74            android:value="2" />
74-->src\main\AndroidManifest.xml:45:13-30
75
76        <activity
76-->[:flutter_inappwebview] AndroidManifest.xml:8:9-11:47
77            android:name="com.pichillilorenzo.flutter_inappwebview.InAppBrowser.InAppBrowserActivity"
77-->[:flutter_inappwebview] AndroidManifest.xml:9:13-102
78            android:configChanges="orientation|screenSize"
78-->[:flutter_inappwebview] AndroidManifest.xml:10:13-59
79            android:theme="@style/AppTheme" />
79-->[:flutter_inappwebview] AndroidManifest.xml:11:13-44
80        <activity
80-->[:flutter_inappwebview] AndroidManifest.xml:12:9-15:55
81            android:name="com.pichillilorenzo.flutter_inappwebview.ChromeCustomTabs.ChromeCustomTabsActivity"
81-->[:flutter_inappwebview] AndroidManifest.xml:13:13-110
82            android:configChanges="orientation|screenSize"
82-->[:flutter_inappwebview] AndroidManifest.xml:14:13-59
83            android:theme="@style/ThemeTransparent" />
83-->[:flutter_inappwebview] AndroidManifest.xml:15:13-52
84
85        <receiver android:name="com.pichillilorenzo.flutter_inappwebview.ChromeCustomTabs.ActionBroadcastReceiver" />
85-->[:flutter_inappwebview] AndroidManifest.xml:17:9-118
85-->[:flutter_inappwebview] AndroidManifest.xml:17:19-115
86
87        <service
87-->[:cloud_firestore] AndroidManifest.xml:8:9-12:19
88            android:name="com.google.firebase.components.ComponentDiscoveryService"
88-->[:cloud_firestore] AndroidManifest.xml:8:18-89
89            android:directBootAware="true"
89-->[com.google.firebase:firebase-common:19.3.0] AndroidManifest.xml:34:13-43
90            android:exported="false" >
90-->[com.google.firebase:firebase-firestore:21.4.3] AndroidManifest.xml:19:13-37
91            <meta-data
91-->[:cloud_firestore] AndroidManifest.xml:9:13-11:85
92                android:name="com.google.firebase.components:io.flutter.plugins.firebase.firestore.FlutterFirebaseFirestoreRegistrar"
92-->[:cloud_firestore] AndroidManifest.xml:10:17-134
93                android:value="com.google.firebase.components.ComponentRegistrar" />
93-->[:cloud_firestore] AndroidManifest.xml:11:17-82
94            <meta-data
94-->[:firebase_core] AndroidManifest.xml:9:13-11:85
95                android:name="com.google.firebase.components:io.flutter.plugins.firebase.core.FlutterFirebaseCoreRegistrar"
95-->[:firebase_core] AndroidManifest.xml:10:17-124
96                android:value="com.google.firebase.components.ComponentRegistrar" />
96-->[:firebase_core] AndroidManifest.xml:11:17-82
97            <meta-data
97-->[com.google.firebase:firebase-firestore:21.4.3] AndroidManifest.xml:20:13-22:85
98                android:name="com.google.firebase.components:com.google.firebase.firestore.FirestoreRegistrar"
98-->[com.google.firebase:firebase-firestore:21.4.3] AndroidManifest.xml:21:17-111
99                android:value="com.google.firebase.components.ComponentRegistrar" />
99-->[com.google.firebase:firebase-firestore:21.4.3] AndroidManifest.xml:22:17-82
100            <meta-data
100-->[com.google.android.gms:play-services-measurement-api:17.4.1] AndroidManifest.xml:30:13-32:85
101                android:name="com.google.firebase.components:com.google.firebase.analytics.connector.internal.AnalyticsConnectorRegistrar"
101-->[com.google.android.gms:play-services-measurement-api:17.4.1] AndroidManifest.xml:31:17-139
102                android:value="com.google.firebase.components.ComponentRegistrar" />
102-->[com.google.android.gms:play-services-measurement-api:17.4.1] AndroidManifest.xml:32:17-82
103            <meta-data
103-->[com.google.firebase:firebase-iid:20.1.5] AndroidManifest.xml:32:13-34:85
104                android:name="com.google.firebase.components:com.google.firebase.iid.Registrar"
104-->[com.google.firebase:firebase-iid:20.1.5] AndroidManifest.xml:33:17-96
105                android:value="com.google.firebase.components.ComponentRegistrar" />
105-->[com.google.firebase:firebase-iid:20.1.5] AndroidManifest.xml:34:17-82
106            <meta-data
106-->[com.google.firebase:firebase-installations:16.2.1] AndroidManifest.xml:17:13-19:85
107                android:name="com.google.firebase.components:com.google.firebase.installations.FirebaseInstallationsRegistrar"
107-->[com.google.firebase:firebase-installations:16.2.1] AndroidManifest.xml:18:17-127
108                android:value="com.google.firebase.components.ComponentRegistrar" />
108-->[com.google.firebase:firebase-installations:16.2.1] AndroidManifest.xml:19:17-82
109        </service>
110
111        <receiver
111-->[com.google.firebase:firebase-iid:20.1.5] AndroidManifest.xml:37:9-44:20
112            android:name="com.google.firebase.iid.FirebaseInstanceIdReceiver"
112-->[com.google.firebase:firebase-iid:20.1.5] AndroidManifest.xml:38:13-78
113            android:exported="true"
113-->[com.google.firebase:firebase-iid:20.1.5] AndroidManifest.xml:39:13-36
114            android:permission="com.google.android.c2dm.permission.SEND" >
114-->[com.google.firebase:firebase-iid:20.1.5] AndroidManifest.xml:40:13-73
115            <intent-filter>
115-->[com.google.firebase:firebase-iid:20.1.5] AndroidManifest.xml:41:13-43:29
116                <action android:name="com.google.android.c2dm.intent.RECEIVE" />
116-->[com.google.firebase:firebase-iid:20.1.5] AndroidManifest.xml:42:17-81
116-->[com.google.firebase:firebase-iid:20.1.5] AndroidManifest.xml:42:25-78
117            </intent-filter>
118        </receiver>
119
120        <activity
120-->[com.google.android.gms:play-services-base:17.0.0] AndroidManifest.xml:23:9-26:75
121            android:name="com.google.android.gms.common.api.GoogleApiActivity"
121-->[com.google.android.gms:play-services-base:17.0.0] AndroidManifest.xml:24:13-79
122            android:exported="false"
122-->[com.google.android.gms:play-services-base:17.0.0] AndroidManifest.xml:25:13-37
123            android:theme="@android:style/Theme.Translucent.NoTitleBar" />
123-->[com.google.android.gms:play-services-base:17.0.0] AndroidManifest.xml:26:13-72
124
125        <provider
125-->[com.google.firebase:firebase-common:19.3.0] AndroidManifest.xml:26:9-30:39
126            android:name="com.google.firebase.provider.FirebaseInitProvider"
126-->[com.google.firebase:firebase-common:19.3.0] AndroidManifest.xml:27:13-77
127            android:authorities="com.example.chat.firebaseinitprovider"
127-->[com.google.firebase:firebase-common:19.3.0] AndroidManifest.xml:28:13-72
128            android:exported="false"
128-->[com.google.firebase:firebase-common:19.3.0] AndroidManifest.xml:29:13-37
129            android:initOrder="100" />
129-->[com.google.firebase:firebase-common:19.3.0] AndroidManifest.xml:30:13-36
130
131        <receiver
131-->[com.google.android.gms:play-services-measurement:17.4.1] AndroidManifest.xml:29:9-33:20
132            android:name="com.google.android.gms.measurement.AppMeasurementReceiver"
132-->[com.google.android.gms:play-services-measurement:17.4.1] AndroidManifest.xml:30:13-85
133            android:enabled="true"
133-->[com.google.android.gms:play-services-measurement:17.4.1] AndroidManifest.xml:31:13-35
134            android:exported="false" >
134-->[com.google.android.gms:play-services-measurement:17.4.1] AndroidManifest.xml:32:13-37
135        </receiver>
136
137        <service
137-->[com.google.android.gms:play-services-measurement:17.4.1] AndroidManifest.xml:35:9-38:40
138            android:name="com.google.android.gms.measurement.AppMeasurementService"
138-->[com.google.android.gms:play-services-measurement:17.4.1] AndroidManifest.xml:36:13-84
139            android:enabled="true"
139-->[com.google.android.gms:play-services-measurement:17.4.1] AndroidManifest.xml:37:13-35
140            android:exported="false" />
140-->[com.google.android.gms:play-services-measurement:17.4.1] AndroidManifest.xml:38:13-37
141        <service
141-->[com.google.android.gms:play-services-measurement:17.4.1] AndroidManifest.xml:39:9-43:72
142            android:name="com.google.android.gms.measurement.AppMeasurementJobService"
142-->[com.google.android.gms:play-services-measurement:17.4.1] AndroidManifest.xml:40:13-87
143            android:enabled="true"
143-->[com.google.android.gms:play-services-measurement:17.4.1] AndroidManifest.xml:41:13-35
144            android:exported="false"
144-->[com.google.android.gms:play-services-measurement:17.4.1] AndroidManifest.xml:42:13-37
145            android:permission="android.permission.BIND_JOB_SERVICE" />
145-->[com.google.android.gms:play-services-measurement:17.4.1] AndroidManifest.xml:43:13-69
146
147        <meta-data
147-->[com.google.android.gms:play-services-basement:17.0.0] AndroidManifest.xml:23:9-25:69
148            android:name="com.google.android.gms.version"
148-->[com.google.android.gms:play-services-basement:17.0.0] AndroidManifest.xml:24:13-58
149            android:value="@integer/google_play_services_version" />
149-->[com.google.android.gms:play-services-basement:17.0.0] AndroidManifest.xml:25:13-66
150    </application>
151
152</manifest>